0 info it worked if it ends with ok
1 verbose cli [ '/usr/local/bin/node', '/usr/local/bin/npm', 'adduser' ]
2 info using npm@1.4.28
3 info using node@v0.10.35
4 error Error: canceled
4 error     at Interface.<anonymous> (/usr/local/lib/node_modules/npm/node_modules/read/lib/read.js:66:13)
4 error     at Interface.emit (events.js:92:17)
4 error     at Interface._ttyWrite (readline.js:621:16)
4 error     at ReadStream.onkeypress (readline.js:100:10)
4 error     at ReadStream.emit (events.js:98:17)
4 error     at emitKey (readline.js:1096:12)
4 error     at ReadStream.onData (readline.js:841:14)
4 error     at ReadStream.emit (events.js:95:17)
4 error     at ReadStream.<anonymous> (_stream_readable.js:765:14)
4 error     at ReadStream.emit (events.js:92:17)
5 error If you need help, you may report this *entire* log,
5 error including the npm and node versions, at:
5 error     <http://github.com/npm/npm/issues>
6 error System Darwin 14.0.0
7 error command "/usr/local/bin/node" "/usr/local/bin/npm" "adduser"
8 error cwd /Users/cdebotton/npm-packages/fluxd
9 error node -v v0.10.35
10 error npm -v 1.4.28
11 verbose exit [ 1, true ]
